<?xml version="1.0" encoding="UTF-8"?>
<testng-results skipped="0" failed="2" ignored="1" total="6" passed="3">
  <reporter-output>
  </reporter-output>
  <suite name="Suite_CrossBroserTesting" duration-ms="73087" started-at="2019-10-14T19:43:56 EDT" finished-at="2019-10-14T19:45:09 EDT">
    <groups>
      <group name="random">
        <method signature="FB_Homepage.FbLogoTest()[pri:0, instance:tests.FB_Homepage@1f28c152]" name="FbLogoTest" class="tests.FB_Homepage"/>
        <method signature="FB_Homepage.verifyTittle()[pri:0, instance:tests.FB_Homepage@1f28c152]" name="verifyTittle" class="tests.FB_Homepage"/>
        <method signature="FB_Homepage.FbLogoTest()[pri:0, instance:tests.FB_Homepage@6321e813]" name="FbLogoTest" class="tests.FB_Homepage"/>
        <method signature="FB_Homepage.verifyTittle()[pri:0, instance:tests.FB_Homepage@6321e813]" name="verifyTittle" class="tests.FB_Homepage"/>
      </group> <!-- random -->
      <group name="Regression">
        <method signature="FB_Homepage.LogInwithValidInfo()[pri:1, instance:tests.FB_Homepage@1f28c152]" name="LogInwithValidInfo" class="tests.FB_Homepage"/>
        <method signature="FB_Homepage.LoginWithvalidPh()[pri:2, instance:tests.FB_Homepage@1f28c152]" name="LoginWithvalidPh" class="tests.FB_Homepage"/>
        <method signature="FB_Homepage.LogInwithValidInfo()[pri:1, instance:tests.FB_Homepage@6321e813]" name="LogInwithValidInfo" class="tests.FB_Homepage"/>
        <method signature="FB_Homepage.LoginWithvalidPh()[pri:2, instance:tests.FB_Homepage@6321e813]" name="LoginWithvalidPh" class="tests.FB_Homepage"/>
      </group> <!-- Regression -->
      <group name="Smoke">
        <method signature="FB_Homepage.FbSearchTest()[pri:0, instance:tests.FB_Homepage@1f28c152]" name="FbSearchTest" class="tests.FB_Homepage"/>
        <method signature="FB_Homepage.LogInwithValidInfo()[pri:1, instance:tests.FB_Homepage@1f28c152]" name="LogInwithValidInfo" class="tests.FB_Homepage"/>
        <method signature="FB_Homepage.LoginWithvalidPh()[pri:2, instance:tests.FB_Homepage@1f28c152]" name="LoginWithvalidPh" class="tests.FB_Homepage"/>
        <method signature="FB_Homepage.FbSearchTest()[pri:0, instance:tests.FB_Homepage@6321e813]" name="FbSearchTest" class="tests.FB_Homepage"/>
        <method signature="FB_Homepage.LogInwithValidInfo()[pri:1, instance:tests.FB_Homepage@6321e813]" name="LogInwithValidInfo" class="tests.FB_Homepage"/>
        <method signature="FB_Homepage.LoginWithvalidPh()[pri:2, instance:tests.FB_Homepage@6321e813]" name="LoginWithvalidPh" class="tests.FB_Homepage"/>
      </group> <!-- Smoke -->
    </groups>
    <test name="CrossBroswer_CHROME" duration-ms="73087" started-at="2019-10-14T19:43:56 EDT" finished-at="2019-10-14T19:45:09 EDT">
      <class name="tests.FB_Homepage">
        <test-method status="PASS" signature="setup(java.lang.String)[pri:0, instance:tests.FB_Homepage@1f28c152]" name="setup" is-config="true" duration-ms="7199" started-at="2019-10-14T19:43:56 EDT" finished-at="2019-10-14T19:44:03 EDT">
          <params>
            <param index="0">
              <value>
                <![CDATA[chrome]]>
              </value>
            </param>
          </params>
          <reporter-output>
          </reporter-output>
        </test-method> <!-- setup -->
        <test-method status="PASS" signature="FbLogoTest()[pri:0, instance:tests.FB_Homepage@1f28c152]" name="FbLogoTest" duration-ms="101" started-at="2019-10-14T19:44:03 EDT" finished-at="2019-10-14T19:44:03 EDT">
          <reporter-output>
          </reporter-output>
        </test-method> <!-- FbLogoTest -->
        <test-method status="PASS" signature="close()[pri:0, instance:tests.FB_Homepage@1f28c152]" name="close" is-config="true" duration-ms="243" started-at="2019-10-14T19:44:03 EDT" finished-at="2019-10-14T19:44:03 EDT">
          <reporter-output>
          </reporter-output>
        </test-method> <!-- close -->
        <test-method status="PASS" signature="setup(java.lang.String)[pri:0, instance:tests.FB_Homepage@1f28c152]" name="setup" is-config="true" duration-ms="3535" started-at="2019-10-14T19:44:03 EDT" finished-at="2019-10-14T19:44:07 EDT">
          <params>
            <param index="0">
              <value>
                <![CDATA[chrome]]>
              </value>
            </param>
          </params>
          <reporter-output>
          </reporter-output>
        </test-method> <!-- setup -->
        <test-method status="FAIL" signature="FbSearchTest()[pri:0, instance:tests.FB_Homepage@1f28c152]" name="FbSearchTest" duration-ms="20067" started-at="2019-10-14T19:44:07 EDT" finished-at="2019-10-14T19:44:27 EDT">
          <exception class="org.openqa.selenium.NoSuchElementException">
            <message>
              <![CDATA[no such element: Unable to locate element: {"method":"xpath","selector":"//input[@id='email']"}
  (Session info: chrome=77.0.3865.90)
For documentation on this error, please visit: https://www.seleniumhq.org/exceptions/no_such_element.html
Build info: version: '3.141.59', revision: 'e82be7d358', time: '2018-11-14T08:25:48'
System info: host: 'MDs-MacBook-Air.fios-router.home', ip: 'fe80:0:0:0:e8:10e6:a0b1:f177%en0', os.name: 'Mac OS X', os.arch: 'x86_64', os.version: '10.15', java.version: '1.8.0_221'
Driver info: org.openqa.selenium.chrome.ChromeDriver
Capabilities {acceptInsecureCerts: false, browserName: chrome, browserVersion: 77.0.3865.90, chrome: {chromedriverVersion: 77.0.3865.40 (f484704e052e0..., userDataDir: /var/folders/tx/_y6jrbnj0_9...}, goog:chromeOptions: {debuggerAddress: localhost:61103}, javascriptEnabled: true, networkConnectionEnabled: false, pageLoadStrategy: normal, platform: MAC, platformName: MAC, proxy: Proxy(), setWindowRect: true, strictFileInteractability: false, timeouts: {implicit: 0, pageLoad: 300000, script: 30000}, unhandledPromptBehavior: dismiss and notify}
Session ID: d6a96b0c780219cc4817a914d56e8a37
*** Element info: {Using=xpath, value=//input[@id='email']}]]>
            </message>
            <full-stacktrace>
              <![CDATA[org.openqa.selenium.NoSuchElementException: no such element: Unable to locate element: {"method":"xpath","selector":"//input[@id='email']"}
  (Session info: chrome=77.0.3865.90)
For documentation on this error, please visit: https://www.seleniumhq.org/exceptions/no_such_element.html
Build info: version: '3.141.59', revision: 'e82be7d358', time: '2018-11-14T08:25:48'
System info: host: 'MDs-MacBook-Air.fios-router.home', ip: 'fe80:0:0:0:e8:10e6:a0b1:f177%en0', os.name: 'Mac OS X', os.arch: 'x86_64', os.version: '10.15', java.version: '1.8.0_221'
Driver info: org.openqa.selenium.chrome.ChromeDriver
Capabilities {acceptInsecureCerts: false, browserName: chrome, browserVersion: 77.0.3865.90, chrome: {chromedriverVersion: 77.0.3865.40 (f484704e052e0..., userDataDir: /var/folders/tx/_y6jrbnj0_9...}, goog:chromeOptions: {debuggerAddress: localhost:61103}, javascriptEnabled: true, networkConnectionEnabled: false, pageLoadStrategy: normal, platform: MAC, platformName: MAC, proxy: Proxy(), setWindowRect: true, strictFileInteractability: false, timeouts: {implicit: 0, pageLoad: 300000, script: 30000}, unhandledPromptBehavior: dismiss and notify}
Session ID: d6a96b0c780219cc4817a914d56e8a37
*** Element info: {Using=xpath, value=//input[@id='email']}
at sun.reflect.NativeConstructorAccessorImpl.newInstance0(Native Method)
at sun.reflect.NativeConstructorAccessorImpl.newInstance(NativeConstructorAccessorImpl.java:62)
at sun.reflect.DelegatingConstructorAccessorImpl.newInstance(DelegatingConstructorAccessorImpl.java:45)
at java.lang.reflect.Constructor.newInstance(Constructor.java:423)
at org.openqa.selenium.remote.http.W3CHttpResponseCodec.createException(W3CHttpResponseCodec.java:187)
at org.openqa.selenium.remote.http.W3CHttpResponseCodec.decode(W3CHttpResponseCodec.java:122)
at org.openqa.selenium.remote.http.W3CHttpResponseCodec.decode(W3CHttpResponseCodec.java:49)
at org.openqa.selenium.remote.HttpCommandExecutor.execute(HttpCommandExecutor.java:158)
at org.openqa.selenium.remote.service.DriverCommandExecutor.execute(DriverCommandExecutor.java:83)
at org.openqa.selenium.remote.RemoteWebDriver.execute(RemoteWebDriver.java:552)
at org.openqa.selenium.remote.RemoteWebDriver.findElement(RemoteWebDriver.java:323)
at org.openqa.selenium.remote.RemoteWebDriver.findElementByXPath(RemoteWebDriver.java:428)
at org.openqa.selenium.By$ByXPath.findElement(By.java:353)
at org.openqa.selenium.remote.RemoteWebDriver.findElement(RemoteWebDriver.java:315)
at util.WebDriverAPI.TypeByXpath(WebDriverAPI.java:30)
at tests.FB_Homepage.FbSearchTest(FB_Homepage.java:35)
at sun.reflect.NativeMethodAccessorImpl.invoke0(Native Method)
at sun.reflect.NativeMethodAccessorImpl.invoke(NativeMethodAccessorImpl.java:62)
at sun.reflect.DelegatingMethodAccessorImpl.invoke(DelegatingMethodAccessorImpl.java:43)
at java.lang.reflect.Method.invoke(Method.java:498)
at org.testng.internal.MethodInvocationHelper.invokeMethod(MethodInvocationHelper.java:133)
at org.testng.internal.TestInvoker.invokeMethod(TestInvoker.java:584)
at org.testng.internal.TestInvoker.invokeTestMethod(TestInvoker.java:172)
at org.testng.internal.MethodRunner.runInSequence(MethodRunner.java:46)
at org.testng.internal.TestInvoker$MethodInvocationAgent.invoke(TestInvoker.java:804)
at org.testng.internal.TestInvoker.invokeTestMethods(TestInvoker.java:145)
at org.testng.internal.TestMethodWorker.invokeTestMethods(TestMethodWorker.java:146)
at org.testng.internal.TestMethodWorker.run(TestMethodWorker.java:128)
at java.util.ArrayList.forEach(ArrayList.java:1257)
at org.testng.TestRunner.privateRun(TestRunner.java:770)
at org.testng.TestRunner.run(TestRunner.java:591)
at org.testng.SuiteRunner.runTest(SuiteRunner.java:402)
at org.testng.SuiteRunner.access$000(SuiteRunner.java:41)
at org.testng.SuiteRunner$SuiteWorker.run(SuiteRunner.java:443)
at org.testng.internal.thread.ThreadUtil.lambda$execute$0(ThreadUtil.java:67)
at java.util.concurrent.FutureTask.run(FutureTask.java:266)
at java.util.concurrent.ThreadPoolExecutor.runWorker(ThreadPoolExecutor.java:1149)
at java.util.concurrent.ThreadPoolExecutor$Worker.run(ThreadPoolExecutor.java:624)
at java.lang.Thread.run(Thread.java:748)
]]>
            </full-stacktrace>
          </exception> <!-- org.openqa.selenium.NoSuchElementException -->
          <reporter-output>
          </reporter-output>
        </test-method> <!-- FbSearchTest -->
        <test-method status="PASS" signature="close()[pri:0, instance:tests.FB_Homepage@1f28c152]" name="close" is-config="true" duration-ms="169" started-at="2019-10-14T19:44:27 EDT" finished-at="2019-10-14T19:44:27 EDT">
          <reporter-output>
          </reporter-output>
        </test-method> <!-- close -->
        <test-method status="PASS" signature="setup(java.lang.String)[pri:0, instance:tests.FB_Homepage@1f28c152]" name="setup" is-config="true" duration-ms="2935" started-at="2019-10-14T19:44:27 EDT" finished-at="2019-10-14T19:44:30 EDT">
          <params>
            <param index="0">
              <value>
                <![CDATA[chrome]]>
              </value>
            </param>
          </params>
          <reporter-output>
          </reporter-output>
        </test-method> <!-- setup -->
        <test-method status="PASS" signature="verifyTittle()[pri:0, instance:tests.FB_Homepage@1f28c152]" name="verifyTittle" duration-ms="11" started-at="2019-10-14T19:44:30 EDT" finished-at="2019-10-14T19:44:30 EDT">
          <reporter-output>
          </reporter-output>
        </test-method> <!-- verifyTittle -->
        <test-method status="PASS" signature="close()[pri:0, instance:tests.FB_Homepage@1f28c152]" name="close" is-config="true" duration-ms="224" started-at="2019-10-14T19:44:30 EDT" finished-at="2019-10-14T19:44:30 EDT">
          <reporter-output>
          </reporter-output>
        </test-method> <!-- close -->
        <test-method status="PASS" signature="setup(java.lang.String)[pri:0, instance:tests.FB_Homepage@1f28c152]" name="setup" is-config="true" duration-ms="3135" started-at="2019-10-14T19:44:30 EDT" finished-at="2019-10-14T19:44:33 EDT">
          <params>
            <param index="0">
              <value>
                <![CDATA[chrome]]>
              </value>
            </param>
          </params>
          <reporter-output>
          </reporter-output>
        </test-method> <!-- setup -->
        <test-method status="FAIL" signature="LogInwithValidInfo()[pri:1, instance:tests.FB_Homepage@1f28c152]" name="LogInwithValidInfo" duration-ms="20035" started-at="2019-10-14T19:44:33 EDT" finished-at="2019-10-14T19:44:53 EDT">
          <exception class="org.openqa.selenium.NoSuchElementException">
            <message>
              <![CDATA[no such element: Unable to locate element: {"method":"xpath","selector":"//input[@id='email']"}
  (Session info: chrome=77.0.3865.90)
For documentation on this error, please visit: https://www.seleniumhq.org/exceptions/no_such_element.html
Build info: version: '3.141.59', revision: 'e82be7d358', time: '2018-11-14T08:25:48'
System info: host: 'MDs-MacBook-Air.fios-router.home', ip: 'fe80:0:0:0:e8:10e6:a0b1:f177%en0', os.name: 'Mac OS X', os.arch: 'x86_64', os.version: '10.15', java.version: '1.8.0_221'
Driver info: org.openqa.selenium.chrome.ChromeDriver
Capabilities {acceptInsecureCerts: false, browserName: chrome, browserVersion: 77.0.3865.90, chrome: {chromedriverVersion: 77.0.3865.40 (f484704e052e0..., userDataDir: /var/folders/tx/_y6jrbnj0_9...}, goog:chromeOptions: {debuggerAddress: localhost:61167}, javascriptEnabled: true, networkConnectionEnabled: false, pageLoadStrategy: normal, platform: MAC, platformName: MAC, proxy: Proxy(), setWindowRect: true, strictFileInteractability: false, timeouts: {implicit: 0, pageLoad: 300000, script: 30000}, unhandledPromptBehavior: dismiss and notify}
Session ID: bdd2c032b6112cb2d0760ededa352e3f
*** Element info: {Using=xpath, value=//input[@id='email']}]]>
            </message>
            <full-stacktrace>
              <![CDATA[org.openqa.selenium.NoSuchElementException: no such element: Unable to locate element: {"method":"xpath","selector":"//input[@id='email']"}
  (Session info: chrome=77.0.3865.90)
For documentation on this error, please visit: https://www.seleniumhq.org/exceptions/no_such_element.html
Build info: version: '3.141.59', revision: 'e82be7d358', time: '2018-11-14T08:25:48'
System info: host: 'MDs-MacBook-Air.fios-router.home', ip: 'fe80:0:0:0:e8:10e6:a0b1:f177%en0', os.name: 'Mac OS X', os.arch: 'x86_64', os.version: '10.15', java.version: '1.8.0_221'
Driver info: org.openqa.selenium.chrome.ChromeDriver
Capabilities {acceptInsecureCerts: false, browserName: chrome, browserVersion: 77.0.3865.90, chrome: {chromedriverVersion: 77.0.3865.40 (f484704e052e0..., userDataDir: /var/folders/tx/_y6jrbnj0_9...}, goog:chromeOptions: {debuggerAddress: localhost:61167}, javascriptEnabled: true, networkConnectionEnabled: false, pageLoadStrategy: normal, platform: MAC, platformName: MAC, proxy: Proxy(), setWindowRect: true, strictFileInteractability: false, timeouts: {implicit: 0, pageLoad: 300000, script: 30000}, unhandledPromptBehavior: dismiss and notify}
Session ID: bdd2c032b6112cb2d0760ededa352e3f
*** Element info: {Using=xpath, value=//input[@id='email']}
at sun.reflect.NativeConstructorAccessorImpl.newInstance0(Native Method)
at sun.reflect.NativeConstructorAccessorImpl.newInstance(NativeConstructorAccessorImpl.java:62)
at sun.reflect.DelegatingConstructorAccessorImpl.newInstance(DelegatingConstructorAccessorImpl.java:45)
at java.lang.reflect.Constructor.newInstance(Constructor.java:423)
at org.openqa.selenium.remote.http.W3CHttpResponseCodec.createException(W3CHttpResponseCodec.java:187)
at org.openqa.selenium.remote.http.W3CHttpResponseCodec.decode(W3CHttpResponseCodec.java:122)
at org.openqa.selenium.remote.http.W3CHttpResponseCodec.decode(W3CHttpResponseCodec.java:49)
at org.openqa.selenium.remote.HttpCommandExecutor.execute(HttpCommandExecutor.java:158)
at org.openqa.selenium.remote.service.DriverCommandExecutor.execute(DriverCommandExecutor.java:83)
at org.openqa.selenium.remote.RemoteWebDriver.execute(RemoteWebDriver.java:552)
at org.openqa.selenium.remote.RemoteWebDriver.findElement(RemoteWebDriver.java:323)
at org.openqa.selenium.remote.RemoteWebDriver.findElementByXPath(RemoteWebDriver.java:428)
at org.openqa.selenium.By$ByXPath.findElement(By.java:353)
at org.openqa.selenium.remote.RemoteWebDriver.findElement(RemoteWebDriver.java:315)
at util.WebDriverAPI.TypeByXpath(WebDriverAPI.java:30)
at tests.FB_Homepage.LogInwithValidInfo(FB_Homepage.java:43)
at sun.reflect.NativeMethodAccessorImpl.invoke0(Native Method)
at sun.reflect.NativeMethodAccessorImpl.invoke(NativeMethodAccessorImpl.java:62)
at sun.reflect.DelegatingMethodAccessorImpl.invoke(DelegatingMethodAccessorImpl.java:43)
at java.lang.reflect.Method.invoke(Method.java:498)
at org.testng.internal.MethodInvocationHelper.invokeMethod(MethodInvocationHelper.java:133)
at org.testng.internal.TestInvoker.invokeMethod(TestInvoker.java:584)
at org.testng.internal.TestInvoker.invokeTestMethod(TestInvoker.java:172)
at org.testng.internal.MethodRunner.runInSequence(MethodRunner.java:46)
at org.testng.internal.TestInvoker$MethodInvocationAgent.invoke(TestInvoker.java:804)
at org.testng.internal.TestInvoker.invokeTestMethods(TestInvoker.java:145)
at org.testng.internal.TestMethodWorker.invokeTestMethods(TestMethodWorker.java:146)
at org.testng.internal.TestMethodWorker.run(TestMethodWorker.java:128)
at java.util.ArrayList.forEach(ArrayList.java:1257)
at org.testng.TestRunner.privateRun(TestRunner.java:770)
at org.testng.TestRunner.run(TestRunner.java:591)
at org.testng.SuiteRunner.runTest(SuiteRunner.java:402)
at org.testng.SuiteRunner.access$000(SuiteRunner.java:41)
at org.testng.SuiteRunner$SuiteWorker.run(SuiteRunner.java:443)
at org.testng.internal.thread.ThreadUtil.lambda$execute$0(ThreadUtil.java:67)
at java.util.concurrent.FutureTask.run(FutureTask.java:266)
at java.util.concurrent.ThreadPoolExecutor.runWorker(ThreadPoolExecutor.java:1149)
at java.util.concurrent.ThreadPoolExecutor$Worker.run(ThreadPoolExecutor.java:624)
at java.lang.Thread.run(Thread.java:748)
]]>
            </full-stacktrace>
          </exception> <!-- org.openqa.selenium.NoSuchElementException -->
          <reporter-output>
          </reporter-output>
        </test-method> <!-- LogInwithValidInfo -->
        <test-method status="PASS" signature="close()[pri:0, instance:tests.FB_Homepage@1f28c152]" name="close" is-config="true" duration-ms="164" started-at="2019-10-14T19:44:53 EDT" finished-at="2019-10-14T19:44:53 EDT">
          <reporter-output>
          </reporter-output>
        </test-method> <!-- close -->
        <test-method status="PASS" signature="setup(java.lang.String)[pri:0, instance:tests.FB_Homepage@1f28c152]" name="setup" is-config="true" duration-ms="5027" started-at="2019-10-14T19:44:53 EDT" finished-at="2019-10-14T19:44:58 EDT">
          <params>
            <param index="0">
              <value>
                <![CDATA[chrome]]>
              </value>
            </param>
          </params>
          <reporter-output>
          </reporter-output>
        </test-method> <!-- setup -->
        <test-method status="PASS" signature="LoginWithvalidPh()[pri:2, instance:tests.FB_Homepage@1f28c152]" name="LoginWithvalidPh" duration-ms="9887" started-at="2019-10-14T19:44:58 EDT" finished-at="2019-10-14T19:45:08 EDT">
          <reporter-output>
          </reporter-output>
        </test-method> <!-- LoginWithvalidPh -->
        <test-method status="PASS" signature="close()[pri:0, instance:tests.FB_Homepage@1f28c152]" name="close" is-config="true" duration-ms="295" started-at="2019-10-14T19:45:08 EDT" finished-at="2019-10-14T19:45:09 EDT">
          <reporter-output>
          </reporter-output>
        </test-method> <!-- close -->
      </class> <!-- tests.FB_Homepage -->
    </test> <!-- CrossBroswer_CHROME -->
  </suite> <!-- Suite_CrossBroserTesting -->
</testng-results>
